{"C:\\Users\\TheQu\\source\\repos\\VueApp\\first-vue-app\\server\\app.js": {"path":"C:\\Users\\TheQu\\source\\repos\\VueApp\\first-vue-app\\server\\app.js","statementMap":{"0":{"start":{"line":11,"column":19},"end":{"line":11,"column":49}},"1":{"start":{"line":12,"column":18},"end":{"line":12,"column":42}},"2":{"start":{"line":15,"column":0},"end":{"line":15,"column":57}},"3":{"start":{"line":17,"column":12},"end":{"line":17,"column":21}},"4":{"start":{"line":18,"column":13},"end":{"line":18,"column":37}},"5":{"start":{"line":21,"column":0},"end":{"line":21,"column":12}},"6":{"start":{"line":24,"column":0},"end":{"line":24,"column":18}},"7":{"start":{"line":27,"column":20},"end":{"line":31,"column":1}},"8":{"start":{"line":32,"column":0},"end":{"line":32,"column":27}},"9":{"start":{"line":35,"column":16},"end":{"line":41,"column":2}},"10":{"start":{"line":42,"column":0},"end":{"line":42,"column":17}},"11":{"start":{"line":45,"column":0},"end":{"line":45,"column":41}},"12":{"start":{"line":46,"column":0},"end":{"line":46,"column":48}},"13":{"start":{"line":49,"column":0},"end":{"line":52,"column":3}},"14":{"start":{"line":50,"column":2},"end":{"line":50,"column":73}},"15":{"start":{"line":51,"column":2},"end":{"line":51,"column":9}},"16":{"start":{"line":55,"column":0},"end":{"line":63,"column":3}},"17":{"start":{"line":56,"column":2},"end":{"line":62,"column":5}},"18":{"start":{"line":66,"column":0},"end":{"line":78,"column":3}},"19":{"start":{"line":67,"column":2},"end":{"line":77,"column":5}},"20":{"start":{"line":81,"column":0},"end":{"line":81,"column":27}},"21":{"start":{"line":84,"column":0},"end":{"line":90,"column":3}},"22":{"start":{"line":85,"column":2},"end":{"line":89,"column":5}},"23":{"start":{"line":93,"column":0},"end":{"line":98,"column":3}},"24":{"start":{"line":94,"column":2},"end":{"line":97,"column":5}},"25":{"start":{"line":101,"column":0},"end":{"line":107,"column":3}},"26":{"start":{"line":102,"column":2},"end":{"line":102,"column":38}},"27":{"start":{"line":103,"column":2},"end":{"line":106,"column":5}},"28":{"start":{"line":110,"column":0},"end":{"line":115,"column":3}},"29":{"start":{"line":111,"column":2},"end":{"line":111,"column":56}},"30":{"start":{"line":112,"column":2},"end":{"line":112,"column":76}},"31":{"start":{"line":113,"column":2},"end":{"line":113,"column":65}},"32":{"start":{"line":114,"column":2},"end":{"line":114,"column":75}}},"fnMap":{"0":{"name":"(anonymous_0)","decl":{"start":{"line":49,"column":8},"end":{"line":49,"column":9}},"loc":{"start":{"line":49,"column":28},"end":{"line":52,"column":1}},"line":49},"1":{"name":"(anonymous_1)","decl":{"start":{"line":55,"column":23},"end":{"line":55,"column":24}},"loc":{"start":{"line":55,"column":37},"end":{"line":63,"column":1}},"line":55},"2":{"name":"(anonymous_2)","decl":{"start":{"line":66,"column":13},"end":{"line":66,"column":14}},"loc":{"start":{"line":66,"column":27},"end":{"line":78,"column":1}},"line":66},"3":{"name":"(anonymous_3)","decl":{"start":{"line":84,"column":19},"end":{"line":84,"column":20}},"loc":{"start":{"line":84,"column":33},"end":{"line":90,"column":1}},"line":84},"4":{"name":"(anonymous_4)","decl":{"start":{"line":93,"column":8},"end":{"line":93,"column":9}},"loc":{"start":{"line":93,"column":22},"end":{"line":98,"column":1}},"line":93},"5":{"name":"(anonymous_5)","decl":{"start":{"line":101,"column":8},"end":{"line":101,"column":9}},"loc":{"start":{"line":101,"column":33},"end":{"line":107,"column":1}},"line":101},"6":{"name":"(anonymous_6)","decl":{"start":{"line":110,"column":17},"end":{"line":110,"column":18}},"loc":{"start":{"line":110,"column":23},"end":{"line":115,"column":1}},"line":110}},"branchMap":{"0":{"loc":{"start":{"line":18,"column":13},"end":{"line":18,"column":37}},"type":"binary-expr","locations":[{"start":{"line":18,"column":13},"end":{"line":18,"column":29}},{"start":{"line":18,"column":33},"end":{"line":18,"column":37}}],"line":18},"1":{"loc":{"start":{"line":28,"column":10},"end":{"line":28,"column":98}},"type":"cond-expr","locations":[{"start":{"line":28,"column":36},"end":{"line":28,"column":70}},{"start":{"line":28,"column":73},"end":{"line":28,"column":98}}],"line":28},"2":{"loc":{"start":{"line":37,"column":7},"end":{"line":37,"column":40}},"type":"binary-expr","locations":[{"start":{"line":37,"column":7},"end":{"line":37,"column":33}},{"start":{"line":37,"column":37},"end":{"line":37,"column":40}}],"line":37},"3":{"loc":{"start":{"line":60,"column":17},"end":{"line":60,"column":54}},"type":"binary-expr","locations":[{"start":{"line":60,"column":17},"end":{"line":60,"column":37}},{"start":{"line":60,"column":41},"end":{"line":60,"column":54}}],"line":60},"4":{"loc":{"start":{"line":105,"column":13},"end":{"line":105,"column":93}},"type":"cond-expr","locations":[{"start":{"line":105,"column":54},"end":{"line":105,"column":65}},{"start":{"line":105,"column":68},"end":{"line":105,"column":93}}],"line":105},"5":{"loc":{"start":{"line":112,"column":35},"end":{"line":112,"column":72}},"type":"binary-expr","locations":[{"start":{"line":112,"column":35},"end":{"line":112,"column":55}},{"start":{"line":112,"column":59},"end":{"line":112,"column":72}}],"line":112}},"s":{"0":0,"1":0,"2":0,"3":0,"4":0,"5":0,"6":0,"7":0,"8":0,"9":0,"10":0,"11":0,"12":0,"13":0,"14":0,"15":0,"16":0,"17":0,"18":0,"19":0,"20":0,"21":0,"22":0,"23":0,"24":0,"25":0,"26":0,"27":0,"28":0,"29":0,"30":0,"31":0,"32":0},"f":{"0":0,"1":0,"2":0,"3":0,"4":0,"5":0,"6":0},"b":{"0":[0,0],"1":[0,0],"2":[0,0],"3":[0,0],"4":[0,0],"5":[0,0]}}
,"C:\\Users\\TheQu\\source\\repos\\VueApp\\first-vue-app\\server\\healthcheck.js": {"path":"C:\\Users\\TheQu\\source\\repos\\VueApp\\first-vue-app\\server\\healthcheck.js","statementMap":{"0":{"start":{"line":10,"column":16},"end":{"line":15,"column":1}},"1":{"start":{"line":17,"column":16},"end":{"line":24,"column":2}},"2":{"start":{"line":18,"column":2},"end":{"line":18,"column":48}},"3":{"start":{"line":19,"column":2},"end":{"line":23,"column":3}},"4":{"start":{"line":20,"column":4},"end":{"line":20,"column":20}},"5":{"start":{"line":22,"column":4},"end":{"line":22,"column":20}},"6":{"start":{"line":26,"column":0},"end":{"line":29,"column":3}},"7":{"start":{"line":27,"column":2},"end":{"line":27,"column":50}},"8":{"start":{"line":28,"column":2},"end":{"line":28,"column":18}},"9":{"start":{"line":31,"column":0},"end":{"line":31,"column":14}}},"fnMap":{"0":{"name":"(anonymous_0)","decl":{"start":{"line":17,"column":38},"end":{"line":17,"column":39}},"loc":{"start":{"line":17,"column":47},"end":{"line":24,"column":1}},"line":17},"1":{"name":"(anonymous_1)","decl":{"start":{"line":26,"column":20},"end":{"line":26,"column":21}},"loc":{"start":{"line":26,"column":29},"end":{"line":29,"column":1}},"line":26}},"branchMap":{"0":{"loc":{"start":{"line":12,"column":8},"end":{"line":12,"column":32}},"type":"binary-expr","locations":[{"start":{"line":12,"column":8},"end":{"line":12,"column":24}},{"start":{"line":12,"column":28},"end":{"line":12,"column":32}}],"line":12},"1":{"loc":{"start":{"line":19,"column":2},"end":{"line":23,"column":3}},"type":"if","locations":[{"start":{"line":19,"column":2},"end":{"line":23,"column":3}},{"start":{"line":21,"column":9},"end":{"line":23,"column":3}}],"line":19}},"s":{"0":0,"1":0,"2":0,"3":0,"4":0,"5":0,"6":0,"7":0,"8":0,"9":0},"f":{"0":0,"1":0},"b":{"0":[0,0],"1":[0,0]}}
,"C:\\Users\\TheQu\\source\\repos\\VueApp\\first-vue-app\\server\\config\\database.js": {"path":"C:\\Users\\TheQu\\source\\repos\\VueApp\\first-vue-app\\server\\config\\database.js","statementMap":{"0":{"start":{"line":6,"column":19},"end":{"line":6,"column":49}},"1":{"start":{"line":7,"column":18},"end":{"line":7,"column":42}},"2":{"start":{"line":10,"column":0},"end":{"line":10,"column":60}},"3":{"start":{"line":12,"column":18},"end":{"line":29,"column":1}},"4":{"start":{"line":13,"column":2},"end":{"line":28,"column":3}},"5":{"start":{"line":14,"column":4},"end":{"line":14,"column":55}},"6":{"start":{"line":15,"column":4},"end":{"line":15,"column":49}},"7":{"start":{"line":17,"column":17},"end":{"line":19,"column":6}},"8":{"start":{"line":21,"column":4},"end":{"line":21,"column":61}},"9":{"start":{"line":22,"column":4},"end":{"line":22,"column":60}},"10":{"start":{"line":24,"column":4},"end":{"line":24,"column":16}},"11":{"start":{"line":26,"column":4},"end":{"line":26,"column":67}},"12":{"start":{"line":27,"column":4},"end":{"line":27,"column":20}}},"fnMap":{"0":{"name":"(anonymous_0)","decl":{"start":{"line":12,"column":18},"end":{"line":12,"column":19}},"loc":{"start":{"line":12,"column":30},"end":{"line":29,"column":1}},"line":12}},"branchMap":{"0":{"loc":{"start":{"line":18,"column":14},"end":{"line":18,"column":59}},"type":"binary-expr","locations":[{"start":{"line":18,"column":14},"end":{"line":18,"column":41}},{"start":{"line":18,"column":45},"end":{"line":18,"column":59}}],"line":18}},"s":{"0":0,"1":0,"2":0,"3":0,"4":0,"5":0,"6":0,"7":0,"8":0,"9":0,"10":0,"11":0,"12":0},"f":{"0":0},"b":{"0":[0,0]}}
,"C:\\Users\\TheQu\\source\\repos\\VueApp\\first-vue-app\\server\\models\\Cart.js": {"path":"C:\\Users\\TheQu\\source\\repos\\VueApp\\first-vue-app\\server\\models\\Cart.js","statementMap":{"0":{"start":{"line":3,"column":23},"end":{"line":24,"column":2}},"1":{"start":{"line":26,"column":19},"end":{"line":55,"column":2}},"2":{"start":{"line":37,"column":8},"end":{"line":37,"column":41}},"3":{"start":{"line":58,"column":0},"end":{"line":58,"column":45}},"4":{"start":{"line":61,"column":0},"end":{"line":68,"column":2}},"5":{"start":{"line":62,"column":21},"end":{"line":64,"column":7}},"6":{"start":{"line":63,"column":4},"end":{"line":63,"column":47}},"7":{"start":{"line":66,"column":2},"end":{"line":66,"column":31}},"8":{"start":{"line":67,"column":2},"end":{"line":67,"column":25}},"9":{"start":{"line":71,"column":0},"end":{"line":76,"column":3}},"10":{"start":{"line":72,"column":2},"end":{"line":74,"column":3}},"11":{"start":{"line":73,"column":4},"end":{"line":73,"column":31}},"12":{"start":{"line":75,"column":2},"end":{"line":75,"column":9}},"13":{"start":{"line":78,"column":13},"end":{"line":78,"column":47}}},"fnMap":{"0":{"name":"(anonymous_0)","decl":{"start":{"line":36,"column":17},"end":{"line":36,"column":18}},"loc":{"start":{"line":36,"column":33},"end":{"line":38,"column":7}},"line":36},"1":{"name":"(anonymous_1)","decl":{"start":{"line":61,"column":41},"end":{"line":61,"column":42}},"loc":{"start":{"line":61,"column":52},"end":{"line":68,"column":1}},"line":61},"2":{"name":"(anonymous_2)","decl":{"start":{"line":62,"column":39},"end":{"line":62,"column":40}},"loc":{"start":{"line":62,"column":56},"end":{"line":64,"column":3}},"line":62},"3":{"name":"(anonymous_3)","decl":{"start":{"line":71,"column":23},"end":{"line":71,"column":24}},"loc":{"start":{"line":71,"column":38},"end":{"line":76,"column":1}},"line":71}},"branchMap":{"0":{"loc":{"start":{"line":37,"column":15},"end":{"line":37,"column":40}},"type":"binary-expr","locations":[{"start":{"line":37,"column":15},"end":{"line":37,"column":20}},{"start":{"line":37,"column":24},"end":{"line":37,"column":40}}],"line":37},"1":{"loc":{"start":{"line":72,"column":2},"end":{"line":74,"column":3}},"type":"if","locations":[{"start":{"line":72,"column":2},"end":{"line":74,"column":3}},{"start":{},"end":{}}],"line":72}},"s":{"0":0,"1":0,"2":0,"3":0,"4":0,"5":0,"6":0,"7":0,"8":0,"9":0,"10":0,"11":0,"12":0,"13":0},"f":{"0":0,"1":0,"2":0,"3":0},"b":{"0":[0,0],"1":[0,0]}}
,"C:\\Users\\TheQu\\source\\repos\\VueApp\\first-vue-app\\server\\models\\MenuItem.js": {"path":"C:\\Users\\TheQu\\source\\repos\\VueApp\\first-vue-app\\server\\models\\MenuItem.js","statementMap":{"0":{"start":{"line":3,"column":23},"end":{"line":35,"column":2}},"1":{"start":{"line":25,"column":8},"end":{"line":25,"column":28}},"2":{"start":{"line":25,"column":16},"end":{"line":25,"column":28}},"3":{"start":{"line":26,"column":8},"end":{"line":26,"column":41}},"4":{"start":{"line":38,"column":0},"end":{"line":38,"column":38}},"5":{"start":{"line":39,"column":0},"end":{"line":39,"column":42}},"6":{"start":{"line":40,"column":0},"end":{"line":40,"column":34}},"7":{"start":{"line":42,"column":17},"end":{"line":42,"column":59}}},"fnMap":{"0":{"name":"(anonymous_0)","decl":{"start":{"line":24,"column":17},"end":{"line":24,"column":18}},"loc":{"start":{"line":24,"column":29},"end":{"line":27,"column":7}},"line":24}},"branchMap":{"0":{"loc":{"start":{"line":25,"column":8},"end":{"line":25,"column":28}},"type":"if","locations":[{"start":{"line":25,"column":8},"end":{"line":25,"column":28}},{"start":{},"end":{}}],"line":25}},"s":{"0":0,"1":0,"2":0,"3":0,"4":0,"5":0,"6":0,"7":0},"f":{"0":0},"b":{"0":[0,0]}}
,"C:\\Users\\TheQu\\source\\repos\\VueApp\\first-vue-app\\server\\models\\Order.js": {"path":"C:\\Users\\TheQu\\source\\repos\\VueApp\\first-vue-app\\server\\models\\Order.js","statementMap":{"0":{"start":{"line":3,"column":24},"end":{"line":23,"column":2}},"1":{"start":{"line":25,"column":20},"end":{"line":52,"column":2}},"2":{"start":{"line":55,"column":0},"end":{"line":61,"column":3}},"3":{"start":{"line":56,"column":2},"end":{"line":59,"column":3}},"4":{"start":{"line":57,"column":18},"end":{"line":57,"column":64}},"5":{"start":{"line":58,"column":4},"end":{"line":58,"column":89}},"6":{"start":{"line":60,"column":2},"end":{"line":60,"column":9}},"7":{"start":{"line":64,"column":0},"end":{"line":64,"column":35}},"8":{"start":{"line":65,"column":0},"end":{"line":65,"column":39}},"9":{"start":{"line":66,"column":0},"end":{"line":66,"column":33}},"10":{"start":{"line":67,"column":0},"end":{"line":67,"column":41}},"11":{"start":{"line":69,"column":14},"end":{"line":69,"column":50}}},"fnMap":{"0":{"name":"(anonymous_0)","decl":{"start":{"line":55,"column":24},"end":{"line":55,"column":25}},"loc":{"start":{"line":55,"column":45},"end":{"line":61,"column":1}},"line":55}},"branchMap":{"0":{"loc":{"start":{"line":56,"column":2},"end":{"line":59,"column":3}},"type":"if","locations":[{"start":{"line":56,"column":2},"end":{"line":59,"column":3}},{"start":{},"end":{}}],"line":56}},"s":{"0":0,"1":0,"2":0,"3":0,"4":0,"5":0,"6":0,"7":0,"8":0,"9":0,"10":0,"11":0},"f":{"0":0},"b":{"0":[0,0]}}
,"C:\\Users\\TheQu\\source\\repos\\VueApp\\first-vue-app\\server\\models\\Restaurant.js": {"path":"C:\\Users\\TheQu\\source\\repos\\VueApp\\first-vue-app\\server\\models\\Restaurant.js","statementMap":{"0":{"start":{"line":3,"column":25},"end":{"line":36,"column":2}},"1":{"start":{"line":15,"column":8},"end":{"line":15,"column":28}},"2":{"start":{"line":15,"column":16},"end":{"line":15,"column":28}},"3":{"start":{"line":16,"column":8},"end":{"line":16,"column":41}},"4":{"start":{"line":39,"column":0},"end":{"line":39,"column":40}},"5":{"start":{"line":40,"column":0},"end":{"line":40,"column":48}},"6":{"start":{"line":41,"column":0},"end":{"line":41,"column":37}},"7":{"start":{"line":43,"column":19},"end":{"line":43,"column":65}}},"fnMap":{"0":{"name":"(anonymous_0)","decl":{"start":{"line":14,"column":17},"end":{"line":14,"column":18}},"loc":{"start":{"line":14,"column":29},"end":{"line":17,"column":7}},"line":14}},"branchMap":{"0":{"loc":{"start":{"line":15,"column":8},"end":{"line":15,"column":28}},"type":"if","locations":[{"start":{"line":15,"column":8},"end":{"line":15,"column":28}},{"start":{},"end":{}}],"line":15}},"s":{"0":0,"1":0,"2":0,"3":0,"4":0,"5":0,"6":0,"7":0},"f":{"0":0},"b":{"0":[0,0]}}
,"C:\\Users\\TheQu\\source\\repos\\VueApp\\first-vue-app\\server\\models\\TypeRestaurant.js": {"path":"C:\\Users\\TheQu\\source\\repos\\VueApp\\first-vue-app\\server\\models\\TypeRestaurant.js","statementMap":{"0":{"start":{"line":3,"column":29},"end":{"line":22,"column":2}},"1":{"start":{"line":16,"column":8},"end":{"line":16,"column":28}},"2":{"start":{"line":16,"column":16},"end":{"line":16,"column":28}},"3":{"start":{"line":17,"column":8},"end":{"line":17,"column":41}},"4":{"start":{"line":25,"column":0},"end":{"line":25,"column":39}},"5":{"start":{"line":27,"column":23},"end":{"line":27,"column":77}}},"fnMap":{"0":{"name":"(anonymous_0)","decl":{"start":{"line":15,"column":17},"end":{"line":15,"column":18}},"loc":{"start":{"line":15,"column":29},"end":{"line":18,"column":7}},"line":15}},"branchMap":{"0":{"loc":{"start":{"line":16,"column":8},"end":{"line":16,"column":28}},"type":"if","locations":[{"start":{"line":16,"column":8},"end":{"line":16,"column":28}},{"start":{},"end":{}}],"line":16}},"s":{"0":0,"1":0,"2":0,"3":0,"4":0,"5":0},"f":{"0":0},"b":{"0":[0,0]}}
,"C:\\Users\\TheQu\\source\\repos\\VueApp\\first-vue-app\\server\\models\\User.js": {"path":"C:\\Users\\TheQu\\source\\repos\\VueApp\\first-vue-app\\server\\models\\User.js","statementMap":{"0":{"start":{"line":4,"column":19},"end":{"line":20,"column":2}},"1":{"start":{"line":23,"column":0},"end":{"line":23,"column":31}},"2":{"start":{"line":26,"column":0},"end":{"line":36,"column":3}},"3":{"start":{"line":27,"column":2},"end":{"line":27,"column":52}},"4":{"start":{"line":27,"column":38},"end":{"line":27,"column":52}},"5":{"start":{"line":29,"column":2},"end":{"line":35,"column":3}},"6":{"start":{"line":30,"column":17},"end":{"line":30,"column":41}},"7":{"start":{"line":31,"column":4},"end":{"line":31,"column":63}},"8":{"start":{"line":32,"column":4},"end":{"line":32,"column":11}},"9":{"start":{"line":34,"column":4},"end":{"line":34,"column":16}},"10":{"start":{"line":39,"column":0},"end":{"line":41,"column":2}},"11":{"start":{"line":40,"column":2},"end":{"line":40,"column":60}},"12":{"start":{"line":44,"column":0},"end":{"line":48,"column":2}},"13":{"start":{"line":45,"column":15},"end":{"line":45,"column":30}},"14":{"start":{"line":46,"column":2},"end":{"line":46,"column":25}},"15":{"start":{"line":47,"column":2},"end":{"line":47,"column":14}},"16":{"start":{"line":50,"column":13},"end":{"line":50,"column":47}}},"fnMap":{"0":{"name":"(anonymous_0)","decl":{"start":{"line":26,"column":23},"end":{"line":26,"column":24}},"loc":{"start":{"line":26,"column":44},"end":{"line":36,"column":1}},"line":26},"1":{"name":"(anonymous_1)","decl":{"start":{"line":39,"column":37},"end":{"line":39,"column":38}},"loc":{"start":{"line":39,"column":71},"end":{"line":41,"column":1}},"line":39},"2":{"name":"(anonymous_2)","decl":{"start":{"line":44,"column":28},"end":{"line":44,"column":29}},"loc":{"start":{"line":44,"column":39},"end":{"line":48,"column":1}},"line":44}},"branchMap":{"0":{"loc":{"start":{"line":27,"column":2},"end":{"line":27,"column":52}},"type":"if","locations":[{"start":{"line":27,"column":2},"end":{"line":27,"column":52}},{"start":{},"end":{}}],"line":27}},"s":{"0":0,"1":0,"2":0,"3":0,"4":0,"5":0,"6":0,"7":0,"8":0,"9":0,"10":0,"11":0,"12":0,"13":0,"14":0,"15":0,"16":0},"f":{"0":0,"1":0,"2":0},"b":{"0":[0,0]}}
,"C:\\Users\\TheQu\\source\\repos\\VueApp\\first-vue-app\\server\\models\\index.js": {"path":"C:\\Users\\TheQu\\source\\repos\\VueApp\\first-vue-app\\server\\models\\index.js","statementMap":{},"fnMap":{},"branchMap":{},"s":{},"f":{},"b":{}}
,"C:\\Users\\TheQu\\source\\repos\\VueApp\\first-vue-app\\server\\routes\\index.js": {"path":"C:\\Users\\TheQu\\source\\repos\\VueApp\\first-vue-app\\server\\routes\\index.js","statementMap":{"0":{"start":{"line":6,"column":15},"end":{"line":6,"column":31}},"1":{"start":{"line":9,"column":0},"end":{"line":9,"column":55}},"2":{"start":{"line":10,"column":0},"end":{"line":10,"column":46}},"3":{"start":{"line":11,"column":0},"end":{"line":11,"column":43}},"4":{"start":{"line":14,"column":0},"end":{"line":20,"column":3}},"5":{"start":{"line":15,"column":2},"end":{"line":19,"column":5}}},"fnMap":{"0":{"name":"(anonymous_0)","decl":{"start":{"line":14,"column":22},"end":{"line":14,"column":23}},"loc":{"start":{"line":14,"column":36},"end":{"line":20,"column":1}},"line":14}},"branchMap":{},"s":{"0":0,"1":0,"2":0,"3":0,"4":0,"5":0},"f":{"0":0},"b":{}}
,"C:\\Users\\TheQu\\source\\repos\\VueApp\\first-vue-app\\server\\routes\\menuItems.js": {"path":"C:\\Users\\TheQu\\source\\repos\\VueApp\\first-vue-app\\server\\routes\\menuItems.js","statementMap":{"0":{"start":{"line":4,"column":15},"end":{"line":4,"column":31}},"1":{"start":{"line":7,"column":0},"end":{"line":54,"column":3}},"2":{"start":{"line":8,"column":2},"end":{"line":53,"column":3}},"3":{"start":{"line":9,"column":61},"end":{"line":9,"column":70}},"4":{"start":{"line":10,"column":17},"end":{"line":10,"column":46}},"5":{"start":{"line":13,"column":19},"end":{"line":13,"column":21}},"6":{"start":{"line":14,"column":4},"end":{"line":16,"column":5}},"7":{"start":{"line":15,"column":6},"end":{"line":15,"column":39}},"8":{"start":{"line":17,"column":4},"end":{"line":19,"column":5}},"9":{"start":{"line":18,"column":6},"end":{"line":18,"column":35}},"10":{"start":{"line":21,"column":4},"end":{"line":21,"column":57}},"11":{"start":{"line":23,"column":22},"end":{"line":28,"column":30}},"12":{"start":{"line":30,"column":4},"end":{"line":30,"column":60}},"13":{"start":{"line":31,"column":4},"end":{"line":31,"column":56}},"14":{"start":{"line":33,"column":18},"end":{"line":33,"column":55}},"15":{"start":{"line":35,"column":4},"end":{"line":35,"column":55}},"16":{"start":{"line":37,"column":4},"end":{"line":46,"column":7}},"17":{"start":{"line":48,"column":4},"end":{"line":48,"column":78}},"18":{"start":{"line":49,"column":4},"end":{"line":52,"column":7}},"19":{"start":{"line":57,"column":0},"end":{"line":106,"column":3}},"20":{"start":{"line":58,"column":2},"end":{"line":105,"column":3}},"21":{"start":{"line":59,"column":29},"end":{"line":59,"column":39}},"22":{"start":{"line":62,"column":23},"end":{"line":62,"column":62}},"23":{"start":{"line":63,"column":4},"end":{"line":68,"column":5}},"24":{"start":{"line":64,"column":6},"end":{"line":67,"column":9}},"25":{"start":{"line":70,"column":22},"end":{"line":75,"column":37}},"26":{"start":{"line":78,"column":27},"end":{"line":85,"column":10}},"27":{"start":{"line":79,"column":23},"end":{"line":79,"column":37}},"28":{"start":{"line":80,"column":6},"end":{"line":82,"column":7}},"29":{"start":{"line":81,"column":8},"end":{"line":81,"column":27}},"30":{"start":{"line":83,"column":6},"end":{"line":83,"column":31}},"31":{"start":{"line":84,"column":6},"end":{"line":84,"column":17}},"32":{"start":{"line":87,"column":4},"end":{"line":98,"column":7}},"33":{"start":{"line":100,"column":4},"end":{"line":100,"column":68}},"34":{"start":{"line":101,"column":4},"end":{"line":104,"column":7}},"35":{"start":{"line":109,"column":0},"end":{"line":132,"column":3}},"36":{"start":{"line":110,"column":2},"end":{"line":131,"column":3}},"37":{"start":{"line":111,"column":21},"end":{"line":112,"column":44}},"38":{"start":{"line":114,"column":4},"end":{"line":119,"column":5}},"39":{"start":{"line":115,"column":6},"end":{"line":118,"column":9}},"40":{"start":{"line":121,"column":4},"end":{"line":124,"column":7}},"41":{"start":{"line":126,"column":4},"end":{"line":126,"column":79}},"42":{"start":{"line":127,"column":4},"end":{"line":130,"column":7}}},"fnMap":{"0":{"name":"(anonymous_0)","decl":{"start":{"line":7,"column":16},"end":{"line":7,"column":17}},"loc":{"start":{"line":7,"column":36},"end":{"line":54,"column":1}},"line":7},"1":{"name":"(anonymous_1)","decl":{"start":{"line":57,"column":40},"end":{"line":57,"column":41}},"loc":{"start":{"line":57,"column":60},"end":{"line":106,"column":1}},"line":57},"2":{"name":"(anonymous_2)","decl":{"start":{"line":78,"column":44},"end":{"line":78,"column":45}},"loc":{"start":{"line":78,"column":59},"end":{"line":85,"column":5}},"line":78},"3":{"name":"(anonymous_3)","decl":{"start":{"line":109,"column":19},"end":{"line":109,"column":20}},"loc":{"start":{"line":109,"column":39},"end":{"line":132,"column":1}},"line":109}},"branchMap":{"0":{"loc":{"start":{"line":9,"column":35},"end":{"line":9,"column":46}},"type":"default-arg","locations":[{"start":{"line":9,"column":44},"end":{"line":9,"column":46}}],"line":9},"1":{"loc":{"start":{"line":9,"column":48},"end":{"line":9,"column":56}},"type":"default-arg","locations":[{"start":{"line":9,"column":55},"end":{"line":9,"column":56}}],"line":9},"2":{"loc":{"start":{"line":14,"column":4},"end":{"line":16,"column":5}},"type":"if","locations":[{"start":{"line":14,"column":4},"end":{"line":16,"column":5}},{"start":{},"end":{}}],"line":14},"3":{"loc":{"start":{"line":17,"column":4},"end":{"line":19,"column":5}},"type":"if","locations":[{"start":{"line":17,"column":4},"end":{"line":19,"column":5}},{"start":{},"end":{}}],"line":17},"4":{"loc":{"start":{"line":63,"column":4},"end":{"line":68,"column":5}},"type":"if","locations":[{"start":{"line":63,"column":4},"end":{"line":68,"column":5}},{"start":{},"end":{}}],"line":63},"5":{"loc":{"start":{"line":80,"column":6},"end":{"line":82,"column":7}},"type":"if","locations":[{"start":{"line":80,"column":6},"end":{"line":82,"column":7}},{"start":{},"end":{}}],"line":80},"6":{"loc":{"start":{"line":114,"column":4},"end":{"line":119,"column":5}},"type":"if","locations":[{"start":{"line":114,"column":4},"end":{"line":119,"column":5}},{"start":{},"end":{}}],"line":114}},"s":{"0":0,"1":0,"2":0,"3":0,"4":0,"5":0,"6":0,"7":0,"8":0,"9":0,"10":0,"11":0,"12":0,"13":0,"14":0,"15":0,"16":0,"17":0,"18":0,"19":0,"20":0,"21":0,"22":0,"23":0,"24":0,"25":0,"26":0,"27":0,"28":0,"29":0,"30":0,"31":0,"32":0,"33":0,"34":0,"35":0,"36":0,"37":0,"38":0,"39":0,"40":0,"41":0,"42":0},"f":{"0":0,"1":0,"2":0,"3":0},"b":{"0":[0],"1":[0],"2":[0,0],"3":[0,0],"4":[0,0],"5":[0,0],"6":[0,0]}}
,"C:\\Users\\TheQu\\source\\repos\\VueApp\\first-vue-app\\server\\routes\\restaurants.js": {"path":"C:\\Users\\TheQu\\source\\repos\\VueApp\\first-vue-app\\server\\routes\\restaurants.js","statementMap":{"0":{"start":{"line":4,"column":15},"end":{"line":4,"column":31}},"1":{"start":{"line":7,"column":0},"end":{"line":51,"column":3}},"2":{"start":{"line":8,"column":2},"end":{"line":50,"column":3}},"3":{"start":{"line":9,"column":54},"end":{"line":9,"column":63}},"4":{"start":{"line":10,"column":17},"end":{"line":10,"column":46}},"5":{"start":{"line":13,"column":19},"end":{"line":13,"column":21}},"6":{"start":{"line":14,"column":4},"end":{"line":16,"column":5}},"7":{"start":{"line":15,"column":6},"end":{"line":15,"column":47}},"8":{"start":{"line":18,"column":4},"end":{"line":18,"column":46}},"9":{"start":{"line":20,"column":24},"end":{"line":25,"column":30}},"10":{"start":{"line":27,"column":4},"end":{"line":27,"column":63}},"11":{"start":{"line":28,"column":4},"end":{"line":28,"column":58}},"12":{"start":{"line":30,"column":18},"end":{"line":30,"column":57}},"13":{"start":{"line":32,"column":4},"end":{"line":32,"column":56}},"14":{"start":{"line":34,"column":4},"end":{"line":43,"column":7}},"15":{"start":{"line":45,"column":4},"end":{"line":45,"column":76}},"16":{"start":{"line":46,"column":4},"end":{"line":49,"column":7}},"17":{"start":{"line":54,"column":0},"end":{"line":77,"column":3}},"18":{"start":{"line":55,"column":2},"end":{"line":76,"column":3}},"19":{"start":{"line":56,"column":23},"end":{"line":57,"column":48}},"20":{"start":{"line":59,"column":4},"end":{"line":64,"column":5}},"21":{"start":{"line":60,"column":6},"end":{"line":63,"column":9}},"22":{"start":{"line":66,"column":4},"end":{"line":69,"column":7}},"23":{"start":{"line":71,"column":4},"end":{"line":71,"column":74}},"24":{"start":{"line":72,"column":4},"end":{"line":75,"column":7}}},"fnMap":{"0":{"name":"(anonymous_0)","decl":{"start":{"line":7,"column":16},"end":{"line":7,"column":17}},"loc":{"start":{"line":7,"column":36},"end":{"line":51,"column":1}},"line":7},"1":{"name":"(anonymous_1)","decl":{"start":{"line":54,"column":19},"end":{"line":54,"column":20}},"loc":{"start":{"line":54,"column":39},"end":{"line":77,"column":1}},"line":54}},"branchMap":{"0":{"loc":{"start":{"line":9,"column":28},"end":{"line":9,"column":39}},"type":"default-arg","locations":[{"start":{"line":9,"column":37},"end":{"line":9,"column":39}}],"line":9},"1":{"loc":{"start":{"line":9,"column":41},"end":{"line":9,"column":49}},"type":"default-arg","locations":[{"start":{"line":9,"column":48},"end":{"line":9,"column":49}}],"line":9},"2":{"loc":{"start":{"line":14,"column":4},"end":{"line":16,"column":5}},"type":"if","locations":[{"start":{"line":14,"column":4},"end":{"line":16,"column":5}},{"start":{},"end":{}}],"line":14},"3":{"loc":{"start":{"line":59,"column":4},"end":{"line":64,"column":5}},"type":"if","locations":[{"start":{"line":59,"column":4},"end":{"line":64,"column":5}},{"start":{},"end":{}}],"line":59}},"s":{"0":0,"1":0,"2":0,"3":0,"4":0,"5":0,"6":0,"7":0,"8":0,"9":0,"10":0,"11":0,"12":0,"13":0,"14":0,"15":0,"16":0,"17":0,"18":0,"19":0,"20":0,"21":0,"22":0,"23":0,"24":0},"f":{"0":0,"1":0},"b":{"0":[0],"1":[0],"2":[0,0],"3":[0,0]}}
,"C:\\Users\\TheQu\\source\\repos\\VueApp\\first-vue-app\\server\\routes\\typeRestaurants.js": {"path":"C:\\Users\\TheQu\\source\\repos\\VueApp\\first-vue-app\\server\\routes\\typeRestaurants.js","statementMap":{"0":{"start":{"line":4,"column":15},"end":{"line":4,"column":31}},"1":{"start":{"line":7,"column":0},"end":{"line":25,"column":3}},"2":{"start":{"line":8,"column":2},"end":{"line":24,"column":3}},"3":{"start":{"line":9,"column":28},"end":{"line":11,"column":26}},"4":{"start":{"line":13,"column":4},"end":{"line":17,"column":7}},"5":{"start":{"line":19,"column":4},"end":{"line":19,"column":85}},"6":{"start":{"line":20,"column":4},"end":{"line":23,"column":7}},"7":{"start":{"line":28,"column":0},"end":{"line":50,"column":3}},"8":{"start":{"line":29,"column":2},"end":{"line":49,"column":3}},"9":{"start":{"line":30,"column":27},"end":{"line":30,"column":71}},"10":{"start":{"line":32,"column":4},"end":{"line":37,"column":5}},"11":{"start":{"line":33,"column":6},"end":{"line":36,"column":9}},"12":{"start":{"line":39,"column":4},"end":{"line":42,"column":7}},"13":{"start":{"line":44,"column":4},"end":{"line":44,"column":82}},"14":{"start":{"line":45,"column":4},"end":{"line":48,"column":7}}},"fnMap":{"0":{"name":"(anonymous_0)","decl":{"start":{"line":7,"column":16},"end":{"line":7,"column":17}},"loc":{"start":{"line":7,"column":36},"end":{"line":25,"column":1}},"line":7},"1":{"name":"(anonymous_1)","decl":{"start":{"line":28,"column":19},"end":{"line":28,"column":20}},"loc":{"start":{"line":28,"column":39},"end":{"line":50,"column":1}},"line":28}},"branchMap":{"0":{"loc":{"start":{"line":32,"column":4},"end":{"line":37,"column":5}},"type":"if","locations":[{"start":{"line":32,"column":4},"end":{"line":37,"column":5}},{"start":{},"end":{}}],"line":32}},"s":{"0":0,"1":0,"2":0,"3":0,"4":0,"5":0,"6":0,"7":0,"8":0,"9":0,"10":0,"11":0,"12":0,"13":0,"14":0},"f":{"0":0,"1":0},"b":{"0":[0,0]}}
,"C:\\Users\\TheQu\\source\\repos\\VueApp\\first-vue-app\\server\\scripts\\seedDatabase.js": {"path":"C:\\Users\\TheQu\\source\\repos\\VueApp\\first-vue-app\\server\\scripts\\seedDatabase.js","statementMap":{"0":{"start":{"line":10,"column":19},"end":{"line":10,"column":49}},"1":{"start":{"line":11,"column":18},"end":{"line":11,"column":42}},"2":{"start":{"line":14,"column":0},"end":{"line":14,"column":60}},"3":{"start":{"line":17,"column":2},"end":{"line":25,"column":3}},"4":{"start":{"line":18,"column":4},"end":{"line":20,"column":7}},"5":{"start":{"line":21,"column":4},"end":{"line":21,"column":49}},"6":{"start":{"line":23,"column":4},"end":{"line":23,"column":61}},"7":{"start":{"line":24,"column":4},"end":{"line":24,"column":20}},"8":{"start":{"line":29,"column":2},"end":{"line":113,"column":3}},"9":{"start":{"line":30,"column":4},"end":{"line":30,"column":64}},"10":{"start":{"line":32,"column":4},"end":{"line":32,"column":22}},"11":{"start":{"line":34,"column":4},"end":{"line":34,"column":60}},"12":{"start":{"line":35,"column":4},"end":{"line":42,"column":7}},"13":{"start":{"line":44,"column":2},"end":{"line":44,"column":58}},"14":{"start":{"line":46,"column":21},"end":{"line":55,"column":3}},"15":{"start":{"line":57,"column":16},"end":{"line":59,"column":3}},"16":{"start":{"line":58,"column":54},"end":{"line":58,"column":68}},"17":{"start":{"line":61,"column":2},"end":{"line":61,"column":49}},"18":{"start":{"line":64,"column":4},"end":{"line":64,"column":59}},"19":{"start":{"line":64,"column":26},"end":{"line":64,"column":45}},"20":{"start":{"line":67,"column":25},"end":{"line":73,"column":5}},"21":{"start":{"line":67,"column":67},"end":{"line":73,"column":3}},"22":{"start":{"line":70,"column":48},"end":{"line":70,"column":53}},"23":{"start":{"line":75,"column":22},"end":{"line":75,"column":65}},"24":{"start":{"line":77,"column":2},"end":{"line":77,"column":49}},"25":{"start":{"line":79,"column":22},"end":{"line":86,"column":3}},"26":{"start":{"line":88,"column":2},"end":{"line":96,"column":3}},"27":{"start":{"line":89,"column":18},"end":{"line":89,"column":51}},"28":{"start":{"line":90,"column":18},"end":{"line":94,"column":7}},"29":{"start":{"line":90,"column":61},"end":{"line":94,"column":5}},"30":{"start":{"line":95,"column":4},"end":{"line":95,"column":37}},"31":{"start":{"line":98,"column":2},"end":{"line":98,"column":46}},"32":{"start":{"line":100,"column":17},"end":{"line":100,"column":49}},"33":{"start":{"line":101,"column":2},"end":{"line":104,"column":5}},"34":{"start":{"line":106,"column":2},"end":{"line":106,"column":71}},"35":{"start":{"line":109,"column":4},"end":{"line":109,"column":57}},"36":{"start":{"line":111,"column":4},"end":{"line":111,"column":38}},"37":{"start":{"line":112,"column":4},"end":{"line":112,"column":39}},"38":{"start":{"line":117,"column":0},"end":{"line":117,"column":15}}},"fnMap":{"0":{"name":"connectDB","decl":{"start":{"line":16,"column":15},"end":{"line":16,"column":24}},"loc":{"start":{"line":16,"column":27},"end":{"line":26,"column":1}},"line":16},"1":{"name":"seedDatabase","decl":{"start":{"line":28,"column":22},"end":{"line":28,"column":34}},"loc":{"start":{"line":28,"column":37},"end":{"line":114,"column":1}},"line":28},"2":{"name":"(anonymous_2)","decl":{"start":{"line":58,"column":35},"end":{"line":58,"column":36}},"loc":{"start":{"line":58,"column":54},"end":{"line":58,"column":68}},"line":58},"3":{"name":"pickRandom","decl":{"start":{"line":63,"column":11},"end":{"line":63,"column":21}},"loc":{"start":{"line":63,"column":34},"end":{"line":65,"column":3}},"line":63},"4":{"name":"(anonymous_4)","decl":{"start":{"line":64,"column":20},"end":{"line":64,"column":21}},"loc":{"start":{"line":64,"column":26},"end":{"line":64,"column":45}},"line":64},"5":{"name":"(anonymous_5)","decl":{"start":{"line":67,"column":56},"end":{"line":67,"column":57}},"loc":{"start":{"line":67,"column":67},"end":{"line":73,"column":3}},"line":67},"6":{"name":"(anonymous_6)","decl":{"start":{"line":70,"column":43},"end":{"line":70,"column":44}},"loc":{"start":{"line":70,"column":48},"end":{"line":70,"column":53}},"line":70},"7":{"name":"(anonymous_7)","decl":{"start":{"line":90,"column":53},"end":{"line":90,"column":54}},"loc":{"start":{"line":90,"column":61},"end":{"line":94,"column":5}},"line":90}},"branchMap":{"0":{"loc":{"start":{"line":19,"column":14},"end":{"line":19,"column":59}},"type":"binary-expr","locations":[{"start":{"line":19,"column":14},"end":{"line":19,"column":41}},{"start":{"line":19,"column":45},"end":{"line":19,"column":59}}],"line":19},"1":{"loc":{"start":{"line":63,"column":27},"end":{"line":63,"column":32}},"type":"default-arg","locations":[{"start":{"line":63,"column":31},"end":{"line":63,"column":32}}],"line":63}},"s":{"0":0,"1":0,"2":0,"3":0,"4":0,"5":0,"6":0,"7":0,"8":0,"9":0,"10":0,"11":0,"12":0,"13":0,"14":0,"15":0,"16":0,"17":0,"18":0,"19":0,"20":0,"21":0,"22":0,"23":0,"24":0,"25":0,"26":0,"27":0,"28":0,"29":0,"30":0,"31":0,"32":0,"33":0,"34":0,"35":0,"36":0,"37":0,"38":0},"f":{"0":0,"1":0,"2":0,"3":0,"4":0,"5":0,"6":0,"7":0},"b":{"0":[0,0],"1":[0]}}
}
